<?xml version="1.0" encoding="UTF-8"?>
<testsuite xmlns:xsi="http://www.w3.org/2001/XMLSchema-instance" xsi:noNamespaceSchemaLocation="https://maven.apache.org/surefire/maven-surefire-plugin/xsd/surefire-test-report.xsd" name="io.github.dndanoff.movie.service.MovieTicketProTest" time="0.994" tests="4" errors="0" skipped="0" failures="0">
  <properties>
[...]
</properties>
  <testcase name="sanity" classname="io.github.dndanoff.movie.service.MovieTicketProTest" time="0.016"/>
  <testcase name="book_should_show_eror_when_not_enough_seats" classname="io.github.dndanoff.movie.service.MovieTicketProTest" time="0.018"/>
  <testcase name="book_should_shows_error_message_when_invalid_movie" classname="io.github.dndanoff.movie.service.MovieTicketProTest" time="0"/>
  <testcase name="book_should_book_requested_seats_when_seats_are_Free" classname="io.github.dndanoff.movie.service.MovieTicketProTest" time="0.042"/>
</testsuite>